[0m13:02:20.508942 [debug] [MainThread]: Sending event: {'category': 'dbt', 'action': 'invocation', 'label': 'start', 'context': [<snowplow_tracker.self_describing_json.SelfDescribingJson object at 0x1107e6f90>, <snowplow_tracker.self_describing_json.SelfDescribingJson object at 0x115813890>, <snowplow_tracker.self_describing_json.SelfDescribingJson object at 0x1158139d0>]}


============================== 13:02:20.511893 | e3c19539-44dc-40d4-b029-d7cd3f77ee65 ==============================
[0m13:02:20.511893 [info ] [MainThread]: Running with dbt=1.11.2
[0m13:02:20.512192 [debug] [MainThread]: running dbt with arguments {'printer_width': '80', 'invocation_command': 'dbt debug', 'fail_fast': 'False', 'indirect_selection': 'eager', 'no_print': 'None', 'static_parser': 'True', 'version_check': 'True', 'introspect': 'True', 'log_path': '/Users/sajanshergill/monetization-insights-lab/dbt/logs', 'use_experimental_parser': 'False', 'profiles_dir': '/Users/sajanshergill/monetization-insights-lab/dbt', 'partial_parse': 'True', 'cache_selected_only': 'False', 'warn_error': 'None', 'send_anonymous_usage_stats': 'True', 'write_json': 'True', 'log_format': 'default', 'use_colors': 'True', 'quiet': 'False', 'debug': 'False', 'target_path': 'None', 'log_cache_events': 'False', 'warn_error_options': 'WarnErrorOptionsV2(error=[], warn=[], silence=[])', 'empty': 'None'}
[0m13:02:20.521795 [info ] [MainThread]: dbt version: 1.11.2
[0m13:02:20.522010 [info ] [MainThread]: python version: 3.13.5
[0m13:02:20.522124 [info ] [MainThread]: python path: /opt/anaconda3/bin/python3.13
[0m13:02:20.522230 [info ] [MainThread]: os info: macOS-26.2-arm64-arm-64bit-Mach-O
[0m13:02:20.522345 [info ] [MainThread]: Using profiles dir at /Users/sajanshergill/monetization-insights-lab/dbt
[0m13:02:20.522444 [info ] [MainThread]: Using profiles.yml file at /Users/sajanshergill/monetization-insights-lab/dbt/profiles.yml
[0m13:02:20.522537 [info ] [MainThread]: Using dbt_project.yml file at /Users/sajanshergill/monetization-insights-lab/dbt/dbt_project.yml
[0m13:02:20.574026 [info ] [MainThread]: Configuration:
[0m13:02:20.574267 [info ] [MainThread]:   profiles.yml file [[31mERROR not found[0m]
[0m13:02:20.574394 [info ] [MainThread]:   dbt_project.yml file [[32mOK found and valid[0m]
[0m13:02:20.574499 [info ] [MainThread]: Required dependencies:
[0m13:02:20.574680 [debug] [MainThread]: Executing "git --help"
[0m13:02:20.584935 [debug] [MainThread]: STDOUT: "b"usage: git [-v | --version] [-h | --help] [-C <path>] [-c <name>=<value>]\n           [--exec-path[=<path>]] [--html-path] [--man-path] [--info-path]\n           [-p | --paginate | -P | --no-pager] [--no-replace-objects] [--no-lazy-fetch]\n           [--no-optional-locks] [--no-advice] [--bare] [--git-dir=<path>]\n           [--work-tree=<path>] [--namespace=<name>] [--config-env=<name>=<envvar>]\n           <command> [<args>]\n\nThese are common Git commands used in various situations:\n\nstart a working area (see also: git help tutorial)\n   clone      Clone a repository into a new directory\n   init       Create an empty Git repository or reinitialize an existing one\n\nwork on the current change (see also: git help everyday)\n   add        Add file contents to the index\n   mv         Move or rename a file, a directory, or a symlink\n   restore    Restore working tree files\n   rm         Remove files from the working tree and from the index\n\nexamine the history and state (see also: git help revisions)\n   bisect     Use binary search to find the commit that introduced a bug\n   diff       Show changes between commits, commit and working tree, etc\n   grep       Print lines matching a pattern\n   log        Show commit logs\n   show       Show various types of objects\n   status     Show the working tree status\n\ngrow, mark and tweak your common history\n   backfill   Download missing objects in a partial clone\n   branch     List, create, or delete branches\n   commit     Record changes to the repository\n   merge      Join two or more development histories together\n   rebase     Reapply commits on top of another base tip\n   reset      Reset current HEAD to the specified state\n   switch     Switch branches\n   tag        Create, list, delete or verify a tag object signed with GPG\n\ncollaborate (see also: git help workflows)\n   fetch      Download objects and refs from another repository\n   pull       Fetch from and integrate with another repository or a local branch\n   push       Update remote refs along with associated objects\n\n'git help -a' and 'git help -g' list available subcommands and some\nconcept guides. See 'git help <command>' or 'git help <concept>'\nto read about a specific subcommand or concept.\nSee 'git help git' for an overview of the system.\n""
[0m13:02:20.585395 [debug] [MainThread]: STDERR: "b''"
[0m13:02:20.585559 [info ] [MainThread]:  - git [[32mOK found[0m]

[0m13:02:20.585710 [info ] [MainThread]: Connection test skipped since no profile was found
[0m13:02:20.585839 [info ] [MainThread]: [31m1 check failed:[0m
[0m13:02:20.585947 [info ] [MainThread]: dbt looked for a profiles.yml file in /Users/sajanshergill/monetization-insights-lab/dbt/profiles.yml, but did
not find one. For more information on configuring your profile, consult the
documentation:

https://docs.getdbt.com/docs/configure-your-profile


[0m13:02:20.592216 [debug] [MainThread]: Resource report: {"command_name": "debug", "command_success": false, "command_wall_clock_time": 0.1250148, "process_in_blocks": "0", "process_kernel_time": 0.16376, "process_mem_max_rss": "125927424", "process_out_blocks": "0", "process_user_time": 0.669729}
[0m13:02:20.592605 [debug] [MainThread]: Command `dbt debug` failed at 13:02:20.592509 after 0.13 seconds
[0m13:02:20.592911 [debug] [MainThread]: Sending event: {'category': 'dbt', 'action': 'invocation', 'label': 'end', 'context': [<snowplow_tracker.self_describing_json.SelfDescribingJson object at 0x1113242b0>, <snowplow_tracker.self_describing_json.SelfDescribingJson object at 0x115a245f0>, <snowplow_tracker.self_describing_json.SelfDescribingJson object at 0x1159be470>]}
[0m13:02:20.593149 [debug] [MainThread]: Flushing usage events
[0m13:02:20.811223 [debug] [MainThread]: An error was encountered while trying to flush usage events
[0m13:02:21.688821 [debug] [MainThread]: Sending event: {'category': 'dbt', 'action': 'invocation', 'label': 'start', 'context': [<snowplow_tracker.self_describing_json.SelfDescribingJson object at 0x1041e6f90>, <snowplow_tracker.self_describing_json.SelfDescribingJson object at 0x107017890>, <snowplow_tracker.self_describing_json.SelfDescribingJson object at 0x1070179d0>]}


============================== 13:02:21.690853 | 47101277-f70e-4998-b265-e1a44a8d9737 ==============================
[0m13:02:21.690853 [info ] [MainThread]: Running with dbt=1.11.2
[0m13:02:21.691137 [debug] [MainThread]: running dbt with arguments {'printer_width': '80', 'log_path': '/Users/sajanshergill/monetization-insights-lab/dbt/logs', 'warn_error_options': 'WarnErrorOptionsV2(error=[], warn=[], silence=[])', 'quiet': 'False', 'send_anonymous_usage_stats': 'True', 'version_check': 'True', 'fail_fast': 'False', 'profiles_dir': '/Users/sajanshergill/monetization-insights-lab/dbt', 'use_colors': 'True', 'cache_selected_only': 'False', 'invocation_command': 'dbt run', 'use_experimental_parser': 'False', 'partial_parse': 'True', 'no_print': 'None', 'static_parser': 'True', 'target_path': 'None', 'warn_error': 'None', 'log_format': 'default', 'introspect': 'True', 'write_json': 'True', 'log_cache_events': 'False', 'indirect_selection': 'eager', 'debug': 'False', 'empty': 'False'}
[0m13:02:21.692449 [error] [MainThread]: Encountered an error:
Runtime Error
  Could not find profile named 'creator_monetization_lab'
[0m13:02:21.693659 [debug] [MainThread]: Resource report: {"command_name": "run", "command_success": false, "command_wall_clock_time": 0.049850583, "process_in_blocks": "0", "process_kernel_time": 0.096205, "process_mem_max_rss": "122028032", "process_out_blocks": "0", "process_user_time": 0.593199}
[0m13:02:21.693864 [debug] [MainThread]: Command `dbt run` failed at 13:02:21.693822 after 0.05 seconds
[0m13:02:21.694011 [debug] [MainThread]: Sending event: {'category': 'dbt', 'action': 'invocation', 'label': 'end', 'context': [<snowplow_tracker.self_describing_json.SelfDescribingJson object at 0x107035f30>, <snowplow_tracker.self_describing_json.SelfDescribingJson object at 0x107090dd0>, <snowplow_tracker.self_describing_json.SelfDescribingJson object at 0x106ef2be0>]}
[0m13:02:21.694139 [debug] [MainThread]: Flushing usage events
[0m13:02:21.776537 [debug] [MainThread]: An error was encountered while trying to flush usage events
